<?xml version="1.0" encoding="UTF-8"?>
<testng-results ignored="0" total="1" passed="1" failed="0" skipped="0">
  <reporter-output>
  </reporter-output>
  <suite started-at="2022-02-28T22:48:54 IST" name="Default suite" finished-at="2022-02-28T22:50:40 IST" duration-ms="106204">
    <groups>
    </groups>
    <test started-at="2022-02-28T22:48:54 IST" name="Default test" finished-at="2022-02-28T22:50:40 IST" duration-ms="106204">
      <class name="SeleniumDocker.Selenium_with_docker.App">
        <test-method signature="getDriver()[pri:0, instance:SeleniumDocker.Selenium_with_docker.App@2928854b]" started-at="2022-02-28T22:48:54 IST" name="getDriver" finished-at="2022-02-28T22:50:40 IST" duration-ms="106173" status="PASS">
          <reporter-output>
          </reporter-output>
        </test-method> <!-- getDriver -->
      </class> <!-- SeleniumDocker.Selenium_with_docker.App -->
    </test> <!-- Default test -->
  </suite> <!-- Default suite -->
</testng-results>
